#
# There is insufficient memory for the Java Runtime Environment to continue.
# Native memory allocation (malloc) failed to allocate 32744 bytes for ChunkPool::allocate
# Possible reasons:
#   The system is out of physical RAM or swap space
#   The process is running with CompressedOops enabled, and the Java Heap may be blocking the growth of the native heap
# Possible solutions:
#   Reduce memory load on the system
#   Increase physical memory or swap space
#   Check if swap backing store is full
#   Decrease Java heap size (-Xmx/-Xms)
#   Decrease number of Java threads
#   Decrease Java thread stack sizes (-Xss)
#   Set larger code cache with -XX:ReservedCodeCacheSize=
#   JVM is running with Unscaled Compressed Oops mode in which the Java heap is
#     placed in the first 4GB address space. The Java Heap base address is the
#     maximum limit for the native heap growth. Please use -XX:HeapBaseMinAddress
#     to set the Java Heap base and to place the Java Heap above 4GB virtual address.
# This output file may be truncated or incomplete.
#
#  Out of Memory Error (arena.cpp:78), pid=2532, tid=7744
#
# JRE version: Java(TM) SE Runtime Environment (17.0.12+8) (build 17.0.12+8-LTS-286)
# Java VM: Java HotSpot(TM) 64-Bit Server VM (17.0.12+8-LTS-286, mixed mode, sharing, tiered, compressed oops, compressed class ptrs, g1 gc, windows-amd64)
# No core dump will be written. Minidumps are not enabled by default on client versions of Windows
#

---------------  S U M M A R Y ------------

Command Line: -Xmx64m -Xms64m -Dorg.gradle.appname=gradlew org.gradle.wrapper.GradleWrapperMain app:installRelease -PreactNativeDevServerPort=8081

Host: 11th Gen Intel(R) Core(TM) i3-1115G4 @ 3.00GHz, 4 cores, 7G,  Windows 10 , 64 bit Build 19041 (10.0.19041.5438)
Time: Fri Mar 14 20:58:29 2025 India Standard Time elapsed time: 124.153592 seconds (0d 0h 2m 4s)

---------------  T H R E A D  ---------------

Current thread (0x00000298b2b46580):  JavaThread "C2 CompilerThread0" daemon [_thread_in_native, id=7744, stack(0x000000f3af500000,0x000000f3af600000)]


Current CompileTask:
C2: 124154 1906       4       com.esotericsoftware.kryo.io.Input::readUtf8 (90 bytes)

Stack: [0x000000f3af500000,0x000000f3af600000]
Native frames: (J=compiled Java code, j=interpreted, Vv=VM code, C=native code)
V  [jvm.dll+0x67a04a]
V  [jvm.dll+0x7da4ed]
V  [jvm.dll+0x7dbe33]
V  [jvm.dll+0x7dc4a3]
V  [jvm.dll+0x24508f]
V  [jvm.dll+0xab9a4]
V  [jvm.dll+0xabd3c]
V  [jvm.dll+0x607bee]
V  [jvm.dll+0x607d8f]
V  [jvm.dll+0x607d8f]
V  [jvm.dll+0x60d46c]
V  [jvm.dll+0x60e36c]
V  [jvm.dll+0x60c84a]
V  [jvm.dll+0x2166be]
V  [jvm.dll+0x215c6f]
V  [jvm.dll+0x1a2960]
V  [jvm.dll+0x22610b]
V  [jvm.dll+0x2242ab]
V  [jvm.dll+0x79075c]
V  [jvm.dll+0x78abea]
V  [jvm.dll+0x678f35]
C  [ucrtbase.dll+0x21bb2]
C  [KERNEL32.DLL+0x17374]
C  [ntdll.dll+0x4cc91]


---------------  P R O C E S S  ---------------

Threads class SMR info:
_java_thread_list=0x0000029911f55350, length=13, elements={
0x00000298b2a90250, 0x00000298b2b27f60, 0x00000298b2b28b20, 0x00000298b2b3d250,
0x00000298b2b3fc20, 0x00000298b2b43600, 0x00000298b2b43fc0, 0x00000298b2b46580,
0x00000298b2b4b450, 0x00000298cb9b5fc0, 0x00000298cbbfa1b0, 0x00000298cbbfe2e0,
0x0000029911c71900
}

Java Threads: ( => current thread )
  0x00000298b2a90250 JavaThread "main" [_thread_in_native, id=12208, stack(0x000000f3ae800000,0x000000f3ae900000)]
  0x00000298b2b27f60 JavaThread "Reference Handler" daemon [_thread_blocked, id=2256, stack(0x000000f3aef00000,0x000000f3af000000)]
  0x00000298b2b28b20 JavaThread "Finalizer" daemon [_thread_blocked, id=17412, stack(0x000000f3af000000,0x000000f3af100000)]
  0x00000298b2b3d250 JavaThread "Signal Dispatcher" daemon [_thread_blocked, id=10332, stack(0x000000f3af100000,0x000000f3af200000)]
  0x00000298b2b3fc20 JavaThread "Attach Listener" daemon [_thread_blocked, id=3240, stack(0x000000f3af200000,0x000000f3af300000)]
  0x00000298b2b43600 JavaThread "Service Thread" daemon [_thread_blocked, id=2648, stack(0x000000f3af300000,0x000000f3af400000)]
  0x00000298b2b43fc0 JavaThread "Monitor Deflation Thread" daemon [_thread_blocked, id=2336, stack(0x000000f3af400000,0x000000f3af500000)]
=>0x00000298b2b46580 JavaThread "C2 CompilerThread0" daemon [_thread_in_native, id=7744, stack(0x000000f3af500000,0x000000f3af600000)]
  0x00000298b2b4b450 JavaThread "C1 CompilerThread0" daemon [_thread_blocked, id=10784, stack(0x000000f3af600000,0x000000f3af700000)]
  0x00000298cb9b5fc0 JavaThread "Sweeper thread" daemon [_thread_blocked, id=2232, stack(0x000000f3af700000,0x000000f3af800000)]
  0x00000298cbbfa1b0 JavaThread "Notification Thread" daemon [_thread_blocked, id=10980, stack(0x000000f3af800000,0x000000f3af900000)]
  0x00000298cbbfe2e0 JavaThread "Common-Cleaner" daemon [_thread_blocked, id=10148, stack(0x000000f3afa00000,0x000000f3afb00000)]
  0x0000029911c71900 JavaThread "pool-1-thread-1" [_thread_blocked, id=6468, stack(0x000000f3b0000000,0x000000f3b0100000)]

Other Threads:
  0x00000298b2b260d0 VMThread "VM Thread" [stack: 0x000000f3aee00000,0x000000f3aef00000] [id=14556]
  0x00000298b2aba8a0 WatcherThread [stack: 0x000000f3af900000,0x000000f3afa00000] [id=2992]
  0x00000298b2aae180 GCTaskThread "GC Thread#0" [stack: 0x000000f3ae900000,0x000000f3aea00000] [id=15720]
  0x00000298cbf60d90 GCTaskThread "GC Thread#1" [stack: 0x000000f3afb00000,0x000000f3afc00000] [id=4164]
  0x00000298cbe71e40 GCTaskThread "GC Thread#2" [stack: 0x000000f3afc00000,0x000000f3afd00000] [id=14808]
  0x00000298cbe72100 GCTaskThread "GC Thread#3" [stack: 0x000000f3afd00000,0x000000f3afe00000] [id=10700]
  0x00000298b2aaf8d0 ConcurrentGCThread "G1 Main Marker" [stack: 0x000000f3aea00000,0x000000f3aeb00000] [id=10236]
  0x00000298b2ab02e0 ConcurrentGCThread "G1 Conc#0" [stack: 0x000000f3aeb00000,0x000000f3aec00000] [id=12716]
  0x00000298b2b00cb0 ConcurrentGCThread "G1 Refine#0" [stack: 0x000000f3aec00000,0x000000f3aed00000] [id=18768]
  0x0000029911ec48c0 ConcurrentGCThread "G1 Refine#1" [stack: 0x000000f3aff00000,0x000000f3b0000000] [id=14084]
  0x00000298b2b016e0 ConcurrentGCThread "G1 Service" [stack: 0x000000f3aed00000,0x000000f3aee00000] [id=5732]

Threads with active compile tasks:
C2 CompilerThread0   124184 1906       4       com.esotericsoftware.kryo.io.Input::readUtf8 (90 bytes)

VM state: not at safepoint (normal execution)

VM Mutex/Monitor currently owned by a thread: None

Heap address: 0x00000000fc000000, size: 64 MB, Compressed Oops mode: 32-bit

CDS archive(s) mapped at: [0x00000298cc000000-0x00000298ccbd0000-0x00000298ccbd0000), size 12386304, SharedBaseAddress: 0x00000298cc000000, ArchiveRelocationMode: 1.
Compressed class space mapped at: 0x00000298cd000000-0x000002990d000000, reserved size: 1073741824
Narrow klass base: 0x00000298cc000000, Narrow klass shift: 0, Narrow klass range: 0x100000000

GC Precious Log:
 CPUs: 4 total, 4 available
 Memory: 7886M
 Large Page Support: Disabled
 NUMA Support: Disabled
 Compressed Oops: Enabled (32-bit)
 Heap Region Size: 1M
 Heap Min Capacity: 64M
 Heap Initial Capacity: 64M
 Heap Max Capacity: 64M
 Pre-touch: Disabled
 Parallel Workers: 4
 Concurrent Workers: 1
 Concurrent Refinement Workers: 4
 Periodic GC: Disabled

Heap:
 garbage-first heap   total 65536K, used 37258K [0x00000000fc000000, 0x0000000100000000)
  region size 1024K, 30 young (30720K), 3 survivors (3072K)
 Metaspace       used 10061K, committed 10240K, reserved 1114112K
  class space    used 1313K, committed 1408K, reserved 1048576K

Heap Regions: E=young(eden), S=young(survivor), O=old, HS=humongous(starts), HC=humongous(continues), CS=collection set, F=free, OA=open archive, CA=closed archive, TAMS=top-at-mark-start (previous, next)
|   0|0x00000000fc000000, 0x00000000fc100000, 0x00000000fc100000|100%|HS|  |TAMS 0x00000000fc000000, 0x00000000fc000000| Complete 
|   1|0x00000000fc100000, 0x00000000fc200000, 0x00000000fc200000|100%|HC|  |TAMS 0x00000000fc100000, 0x00000000fc100000| Complete 
|   2|0x00000000fc200000, 0x00000000fc300000, 0x00000000fc300000|100%|HC|  |TAMS 0x00000000fc200000, 0x00000000fc200000| Complete 
|   3|0x00000000fc300000, 0x00000000fc400000, 0x00000000fc400000|100%|HC|  |TAMS 0x00000000fc300000, 0x00000000fc300000| Complete 
|   4|0x00000000fc400000, 0x00000000fc500000, 0x00000000fc500000|100%| O|  |TAMS 0x00000000fc400000, 0x00000000fc400000| Untracked 
|   5|0x00000000fc500000, 0x00000000fc600000, 0x00000000fc600000|100%| O|  |TAMS 0x00000000fc500000, 0x00000000fc500000| Untracked 
|   6|0x00000000fc600000, 0x00000000fc700000, 0x00000000fc700000|100%| O|  |TAMS 0x00000000fc600000, 0x00000000fc600000| Untracked 
|   7|0x00000000fc700000, 0x00000000fc762800, 0x00000000fc800000| 38%| O|  |TAMS 0x00000000fc700000, 0x00000000fc700000| Untracked 
|   8|0x00000000fc800000, 0x00000000fc800000, 0x00000000fc900000|  0%| F|  |TAMS 0x00000000fc800000, 0x00000000fc800000| Untracked 
|   9|0x00000000fc900000, 0x00000000fc900000, 0x00000000fca00000|  0%| F|  |TAMS 0x00000000fc900000, 0x00000000fc900000| Untracked 
|  10|0x00000000fca00000, 0x00000000fca00000, 0x00000000fcb00000|  0%| F|  |TAMS 0x00000000fca00000, 0x00000000fca00000| Untracked 
|  11|0x00000000fcb00000, 0x00000000fcb00000, 0x00000000fcc00000|  0%| F|  |TAMS 0x00000000fcb00000, 0x00000000fcb00000| Untracked 
|  12|0x00000000fcc00000, 0x00000000fcc00000, 0x00000000fcd00000|  0%| F|  |TAMS 0x00000000fcc00000, 0x00000000fcc00000| Untracked 
|  13|0x00000000fcd00000, 0x00000000fcd00000, 0x00000000fce00000|  0%| F|  |TAMS 0x00000000fcd00000, 0x00000000fcd00000| Untracked 
|  14|0x00000000fce00000, 0x00000000fce00000, 0x00000000fcf00000|  0%| F|  |TAMS 0x00000000fce00000, 0x00000000fce00000| Untracked 
|  15|0x00000000fcf00000, 0x00000000fcf00000, 0x00000000fd000000|  0%| F|  |TAMS 0x00000000fcf00000, 0x00000000fcf00000| Untracked 
|  16|0x00000000fd000000, 0x00000000fd000000, 0x00000000fd100000|  0%| F|  |TAMS 0x00000000fd000000, 0x00000000fd000000| Untracked 
|  17|0x00000000fd100000, 0x00000000fd100000, 0x00000000fd200000|  0%| F|  |TAMS 0x00000000fd100000, 0x00000000fd100000| Untracked 
|  18|0x00000000fd200000, 0x00000000fd200000, 0x00000000fd300000|  0%| F|  |TAMS 0x00000000fd200000, 0x00000000fd200000| Untracked 
|  19|0x00000000fd300000, 0x00000000fd300000, 0x00000000fd400000|  0%| F|  |TAMS 0x00000000fd300000, 0x00000000fd300000| Untracked 
|  20|0x00000000fd400000, 0x00000000fd400000, 0x00000000fd500000|  0%| F|  |TAMS 0x00000000fd400000, 0x00000000fd400000| Untracked 
|  21|0x00000000fd500000, 0x00000000fd500000, 0x00000000fd600000|  0%| F|  |TAMS 0x00000000fd500000, 0x00000000fd500000| Untracked 
|  22|0x00000000fd600000, 0x00000000fd600000, 0x00000000fd700000|  0%| F|  |TAMS 0x00000000fd600000, 0x00000000fd600000| Untracked 
|  23|0x00000000fd700000, 0x00000000fd700000, 0x00000000fd800000|  0%| F|  |TAMS 0x00000000fd700000, 0x00000000fd700000| Untracked 
|  24|0x00000000fd800000, 0x00000000fd800000, 0x00000000fd900000|  0%| F|  |TAMS 0x00000000fd800000, 0x00000000fd800000| Untracked 
|  25|0x00000000fd900000, 0x00000000fd900000, 0x00000000fda00000|  0%| F|  |TAMS 0x00000000fd900000, 0x00000000fd900000| Untracked 
|  26|0x00000000fda00000, 0x00000000fda00000, 0x00000000fdb00000|  0%| F|  |TAMS 0x00000000fda00000, 0x00000000fda00000| Untracked 
|  27|0x00000000fdb00000, 0x00000000fdb00000, 0x00000000fdc00000|  0%| F|  |TAMS 0x00000000fdb00000, 0x00000000fdb00000| Untracked 
|  28|0x00000000fdc00000, 0x00000000fdc00000, 0x00000000fdd00000|  0%| F|  |TAMS 0x00000000fdc00000, 0x00000000fdc00000| Untracked 
|  29|0x00000000fdd00000, 0x00000000fdd00000, 0x00000000fde00000|  0%| F|  |TAMS 0x00000000fdd00000, 0x00000000fdd00000| Untracked 
|  30|0x00000000fde00000, 0x00000000fde00000, 0x00000000fdf00000|  0%| F|  |TAMS 0x00000000fde00000, 0x00000000fde00000| Untracked 
|  31|0x00000000fdf00000, 0x00000000fdf00000, 0x00000000fe000000|  0%| F|  |TAMS 0x00000000fdf00000, 0x00000000fdf00000| Untracked 
|  32|0x00000000fe000000, 0x00000000fe000000, 0x00000000fe100000|  0%| F|  |TAMS 0x00000000fe000000, 0x00000000fe000000| Untracked 
|  33|0x00000000fe100000, 0x00000000fe100000, 0x00000000fe200000|  0%| F|  |TAMS 0x00000000fe100000, 0x00000000fe100000| Untracked 
|  34|0x00000000fe200000, 0x00000000fe300000, 0x00000000fe300000|100%| E|  |TAMS 0x00000000fe200000, 0x00000000fe200000| Complete 
|  35|0x00000000fe300000, 0x00000000fe400000, 0x00000000fe400000|100%| E|CS|TAMS 0x00000000fe300000, 0x00000000fe300000| Complete 
|  36|0x00000000fe400000, 0x00000000fe500000, 0x00000000fe500000|100%| E|CS|TAMS 0x00000000fe400000, 0x00000000fe400000| Complete 
|  37|0x00000000fe500000, 0x00000000fe600000, 0x00000000fe600000|100%| E|CS|TAMS 0x00000000fe500000, 0x00000000fe500000| Complete 
|  38|0x00000000fe600000, 0x00000000fe700000, 0x00000000fe700000|100%| E|CS|TAMS 0x00000000fe600000, 0x00000000fe600000| Complete 
|  39|0x00000000fe700000, 0x00000000fe800000, 0x00000000fe800000|100%| E|CS|TAMS 0x00000000fe700000, 0x00000000fe700000| Complete 
|  40|0x00000000fe800000, 0x00000000fe900000, 0x00000000fe900000|100%| E|CS|TAMS 0x00000000fe800000, 0x00000000fe800000| Complete 
|  41|0x00000000fe900000, 0x00000000fea00000, 0x00000000fea00000|100%| S|CS|TAMS 0x00000000fe900000, 0x00000000fe900000| Complete 
|  42|0x00000000fea00000, 0x00000000feb00000, 0x00000000feb00000|100%| S|CS|TAMS 0x00000000fea00000, 0x00000000fea00000| Complete 
|  43|0x00000000feb00000, 0x00000000fec00000, 0x00000000fec00000|100%| S|CS|TAMS 0x00000000feb00000, 0x00000000feb00000| Complete 
|  44|0x00000000fec00000, 0x00000000fed00000, 0x00000000fed00000|100%| E|CS|TAMS 0x00000000fec00000, 0x00000000fec00000| Complete 
|  45|0x00000000fed00000, 0x00000000fee00000, 0x00000000fee00000|100%| E|CS|TAMS 0x00000000fed00000, 0x00000000fed00000| Complete 
|  46|0x00000000fee00000, 0x00000000fef00000, 0x00000000fef00000|100%| E|CS|TAMS 0x00000000fee00000, 0x00000000fee00000| Complete 
|  47|0x00000000fef00000, 0x00000000ff000000, 0x00000000ff000000|100%| E|CS|TAMS 0x00000000fef00000, 0x00000000fef00000| Complete 
|  48|0x00000000ff000000, 0x00000000ff100000, 0x00000000ff100000|100%| E|CS|TAMS 0x00000000ff000000, 0x00000000ff000000| Complete 
|  49|0x00000000ff100000, 0x00000000ff200000, 0x00000000ff200000|100%| E|CS|TAMS 0x00000000ff100000, 0x00000000ff100000| Complete 
|  50|0x00000000ff200000, 0x00000000ff300000, 0x00000000ff300000|100%| E|CS|TAMS 0x00000000ff200000, 0x00000000ff200000| Complete 
|  51|0x00000000ff300000, 0x00000000ff400000, 0x00000000ff400000|100%| E|CS|TAMS 0x00000000ff300000, 0x00000000ff300000| Complete 
|  52|0x00000000ff400000, 0x00000000ff500000, 0x00000000ff500000|100%| E|CS|TAMS 0x00000000ff400000, 0x00000000ff400000| Complete 
|  53|0x00000000ff500000, 0x00000000ff600000, 0x00000000ff600000|100%| E|CS|TAMS 0x00000000ff500000, 0x00000000ff500000| Complete 
|  54|0x00000000ff600000, 0x00000000ff700000, 0x00000000ff700000|100%| E|CS|TAMS 0x00000000ff600000, 0x00000000ff600000| Complete 
|  55|0x00000000ff700000, 0x00000000ff800000, 0x00000000ff800000|100%| E|CS|TAMS 0x00000000ff700000, 0x00000000ff700000| Complete 
|  56|0x00000000ff800000, 0x00000000ff900000, 0x00000000ff900000|100%| E|CS|TAMS 0x00000000ff800000, 0x00000000ff800000| Complete 
|  57|0x00000000ff900000, 0x00000000ffa00000, 0x00000000ffa00000|100%| E|CS|TAMS 0x00000000ff900000, 0x00000000ff900000| Complete 
|  58|0x00000000ffa00000, 0x00000000ffb00000, 0x00000000ffb00000|100%| E|CS|TAMS 0x00000000ffa00000, 0x00000000ffa00000| Complete 
|  59|0x00000000ffb00000, 0x00000000ffc00000, 0x00000000ffc00000|100%| E|CS|TAMS 0x00000000ffb00000, 0x00000000ffb00000| Complete 
|  60|0x00000000ffc00000, 0x00000000ffd00000, 0x00000000ffd00000|100%| E|CS|TAMS 0x00000000ffc00000, 0x00000000ffc00000| Complete 
|  61|0x00000000ffd00000, 0x00000000ffe00000, 0x00000000ffe00000|100%| E|CS|TAMS 0x00000000ffd00000, 0x00000000ffd00000| Complete 
|  62|0x00000000ffe00000, 0x00000000fff00000, 0x00000000fff00000|100%| E|CS|TAMS 0x00000000ffe00000, 0x00000000ffe00000| Complete 
|  63|0x00000000fff00000, 0x0000000100000000, 0x0000000100000000|100%| E|CS|TAMS 0x00000000fff00000, 0x00000000fff00000| Complete 

Card table byte_map: [0x00000298b0a40000,0x00000298b0a60000] _byte_map_base: 0x00000298b0260000

Marking Bits (Prev, Next): (CMBitMap*) 0x00000298b2aae7a0, (CMBitMap*) 0x00000298b2aae7e0
 Prev Bits: [0x00000298b2870000, 0x00000298b2970000)
 Next Bits: [0x00000298c9340000, 0x00000298c9440000)

Polling page: 0x00000298b09f0000

Metaspace:

Usage:
  Non-class:      8.54 MB used.
      Class:      1.28 MB used.
       Both:      9.83 MB used.

Virtual space:
  Non-class space:       64.00 MB reserved,       8.62 MB ( 13%) committed,  1 nodes.
      Class space:        1.00 GB reserved,       1.38 MB ( <1%) committed,  1 nodes.
             Both:        1.06 GB reserved,      10.00 MB ( <1%) committed. 

Chunk freelists:
   Non-Class:  7.27 MB
       Class:  14.51 MB
        Both:  21.78 MB

MaxMetaspaceSize: unlimited
CompressedClassSpaceSize: 1.00 GB
Initial GC threshold: 21.00 MB
Current GC threshold: 21.00 MB
CDS: on
MetaspaceReclaimPolicy: balanced
 - commit_granule_bytes: 65536.
 - commit_granule_words: 8192.
 - virtual_space_node_default_size: 8388608.
 - enlarge_chunks_in_place: 1.
 - new_chunks_are_fully_committed: 0.
 - uncommit_free_chunks: 1.
 - use_allocation_guard: 0.
 - handle_deallocations: 1.


Internal statistics:

num_allocs_failed_limit: 0.
num_arena_births: 74.
num_arena_deaths: 0.
num_vsnodes_births: 2.
num_vsnodes_deaths: 0.
num_space_committed: 160.
num_space_uncommitted: 0.
num_chunks_returned_to_freelist: 0.
num_chunks_taken_from_freelist: 360.
num_chunk_merges: 0.
num_chunk_splits: 236.
num_chunks_enlarged: 189.
num_inconsistent_stats: 0.

CodeHeap 'non-profiled nmethods': size=120000Kb used=786Kb max_used=786Kb free=119214Kb
 bounds [0x00000298c1e10000, 0x00000298c2080000, 0x00000298c9340000]
CodeHeap 'profiled nmethods': size=120000Kb used=3625Kb max_used=3625Kb free=116374Kb
 bounds [0x00000298ba340000, 0x00000298ba6d0000, 0x00000298c1870000]
CodeHeap 'non-nmethods': size=5760Kb used=1181Kb max_used=1207Kb free=4578Kb
 bounds [0x00000298c1870000, 0x00000298c1ae0000, 0x00000298c1e10000]
 total_blobs=2374 nmethods=1909 adapters=377
 compilation: enabled
              stopped_count=0, restarted_count=0
 full_count=0

Compilation events (20 events):
Event: 115.493 Thread 0x00000298b2b4b450 nmethod 1897 0x00000298ba6c2890 code [0x00000298ba6c2bc0, 0x00000298ba6c3fd8]
Event: 115.579 Thread 0x00000298b2b4b450 1898       3       org.gradle.internal.logging.console.AnsiConsole$Listener::beforeNewLineWritten (49 bytes)
Event: 115.580 Thread 0x00000298b2b4b450 nmethod 1898 0x00000298ba6c4810 code [0x00000298ba6c4a20, 0x00000298ba6c4f28]
Event: 115.580 Thread 0x00000298b2b4b450 1899       3       org.fusesource.jansi.Ansi::newline (19 bytes)
Event: 115.580 Thread 0x00000298b2b4b450 nmethod 1899 0x00000298ba6c5290 code [0x00000298ba6c54a0, 0x00000298ba6c5a08]
Event: 115.583 Thread 0x00000298b2b4b450 1900       3       org.gradle.internal.logging.console.DefaultAnsiExecutor::access$400 (6 bytes)
Event: 115.584 Thread 0x00000298b2b4b450 nmethod 1900 0x00000298ba6c5c10 code [0x00000298ba6c5da0, 0x00000298ba6c5ec8]
Event: 122.792 Thread 0x00000298b2b46580 1901       4       java.util.concurrent.locks.AbstractQueuedSynchronizer::signalNext (34 bytes)
Event: 122.792 Thread 0x00000298b2b46580 nmethod 1901 0x00000298c1ed4510 code [0x00000298c1ed4680, 0x00000298c1ed46f8]
Event: 124.125 Thread 0x00000298b2b4b450 1902       3       org.gradle.internal.serialize.BaseSerializerFactory$EnumSerializer::read (6 bytes)
Event: 124.135 Thread 0x00000298b2b4b450 nmethod 1902 0x00000298ba6c5f90 code [0x00000298ba6c6180, 0x00000298ba6c67a8]
Event: 124.135 Thread 0x00000298b2b4b450 1903       3       org.gradle.internal.serialize.BaseSerializerFactory$EnumSerializer::read (18 bytes)
Event: 124.136 Thread 0x00000298b2b4b450 nmethod 1903 0x00000298ba6c6990 code [0x00000298ba6c6b80, 0x00000298ba6c7148]
Event: 124.136 Thread 0x00000298b2b4b450 1904       3       java.util.ArrayList::<init> (63 bytes)
Event: 124.137 Thread 0x00000298b2b4b450 nmethod 1904 0x00000298ba6c7310 code [0x00000298ba6c7500, 0x00000298ba6c7a98]
Event: 124.139 Thread 0x00000298b2b4b450 1905       3       com.google.common.collect.CollectPreconditions::checkNonnegative (37 bytes)
Event: 124.140 Thread 0x00000298b2b46580 1906       4       com.esotericsoftware.kryo.io.Input::readUtf8 (90 bytes)
Event: 124.140 Thread 0x00000298b2b4b450 nmethod 1905 0x00000298ba6c7c10 code [0x00000298ba6c7e40, 0x00000298ba6c8548]
Event: 124.141 Thread 0x00000298b2b4b450 1907       3       org.gradle.internal.logging.events.RenderableOutputEvent::<init> (15 bytes)
Event: 124.141 Thread 0x00000298b2b4b450 nmethod 1907 0x00000298ba6c8810 code [0x00000298ba6c89c0, 0x00000298ba6c8cf8]

GC Heap History (4 events):
Event: 0.356 GC heap before
{Heap before GC invocations=0 (full 0):
 garbage-first heap   total 65536K, used 12288K [0x00000000fc000000, 0x0000000100000000)
  region size 1024K, 13 young (13312K), 0 survivors (0K)
 Metaspace       used 1642K, committed 1792K, reserved 1114112K
  class space    used 154K, committed 192K, reserved 1048576K
}
Event: 0.359 GC heap after
{Heap after GC invocations=1 (full 0):
 garbage-first heap   total 65536K, used 1536K [0x00000000fc000000, 0x0000000100000000)
  region size 1024K, 2 young (2048K), 2 survivors (2048K)
 Metaspace       used 1642K, committed 1792K, reserved 1114112K
  class space    used 154K, committed 192K, reserved 1048576K
}
Event: 0.882 GC heap before
{Heap before GC invocations=1 (full 0):
 garbage-first heap   total 65536K, used 23040K [0x00000000fc000000, 0x0000000100000000)
  region size 1024K, 20 young (20480K), 2 survivors (2048K)
 Metaspace       used 3213K, committed 3328K, reserved 1114112K
  class space    used 364K, committed 448K, reserved 1048576K
}
Event: 0.887 GC heap after
{Heap after GC invocations=2 (full 0):
 garbage-first heap   total 65536K, used 10634K [0x00000000fc000000, 0x0000000100000000)
  region size 1024K, 3 young (3072K), 3 survivors (3072K)
 Metaspace       used 3213K, committed 3328K, reserved 1114112K
  class space    used 364K, committed 448K, reserved 1048576K
}

Deoptimization events (20 events):
Event: 46.755 Thread 0x0000029911c71900 DEOPT PACKING pc=0x00000298c1ec06f8 sp=0x000000f3b00fe9e0
Event: 46.755 Thread 0x0000029911c71900 DEOPT UNPACKING pc=0x00000298c18c5ba3 sp=0x000000f3b00fe8d0 mode 2
Event: 49.748 Thread 0x00000298b2a90250 Uncommon trap: trap_request=0xffffff45 fr.pc=0x00000298c1ec3980 relative=0x0000000000000560
Event: 49.748 Thread 0x00000298b2a90250 Uncommon trap: reason=unstable_if action=reinterpret pc=0x00000298c1ec3980 method=com.esotericsoftware.kryo.io.Input.readUtf8(I)V @ 79 c2
Event: 49.748 Thread 0x00000298b2a90250 DEOPT PACKING pc=0x00000298c1ec3980 sp=0x000000f3ae8fd100
Event: 49.748 Thread 0x00000298b2a90250 DEOPT UNPACKING pc=0x00000298c18c5ba3 sp=0x000000f3ae8fd098 mode 2
Event: 49.883 Thread 0x0000029911c71900 DEOPT PACKING pc=0x00000298ba64e9f4 sp=0x000000f3b00fea90
Event: 49.883 Thread 0x0000029911c71900 DEOPT UNPACKING pc=0x00000298c18c66e3 sp=0x000000f3b00fdf60 mode 0
Event: 51.578 Thread 0x00000298b2a90250 DEOPT PACKING pc=0x00000298ba692835 sp=0x000000f3ae8fd070
Event: 51.578 Thread 0x00000298b2a90250 DEOPT UNPACKING pc=0x00000298c18c66e3 sp=0x000000f3ae8fc508 mode 0
Event: 54.617 Thread 0x0000029911c71900 DEOPT PACKING pc=0x00000298ba63b983 sp=0x000000f3b00fe5c0
Event: 54.617 Thread 0x0000029911c71900 DEOPT UNPACKING pc=0x00000298c18c66e3 sp=0x000000f3b00fda30 mode 0
Event: 57.349 Thread 0x00000298b2a90250 DEOPT PACKING pc=0x00000298ba692835 sp=0x000000f3ae8fd070
Event: 57.349 Thread 0x00000298b2a90250 DEOPT UNPACKING pc=0x00000298c18c66e3 sp=0x000000f3ae8fc508 mode 0
Event: 66.341 Thread 0x00000298b2a90250 DEOPT PACKING pc=0x00000298ba692835 sp=0x000000f3ae8fd070
Event: 66.341 Thread 0x00000298b2a90250 DEOPT UNPACKING pc=0x00000298c18c66e3 sp=0x000000f3ae8fc508 mode 0
Event: 74.200 Thread 0x00000298b2a90250 DEOPT PACKING pc=0x00000298ba692835 sp=0x000000f3ae8fd070
Event: 74.200 Thread 0x00000298b2a90250 DEOPT UNPACKING pc=0x00000298c18c66e3 sp=0x000000f3ae8fc508 mode 0
Event: 124.140 Thread 0x00000298b2a90250 DEOPT PACKING pc=0x00000298ba692835 sp=0x000000f3ae8fcf20
Event: 124.140 Thread 0x00000298b2a90250 DEOPT UNPACKING pc=0x00000298c18c66e3 sp=0x000000f3ae8fc3b8 mode 0

Classes unloaded (0 events):
No events

Classes redefined (0 events):
No events

Internal exceptions (20 events):
Event: 0.929 Thread 0x00000298b2a90250 Exception <a 'java/lang/NoSuchMethodError'{0x00000000ffe815e0}: 'void java.lang.invoke.DirectMethodHandle$Holder.invokeStatic(java.lang.Object, java.lang.Object)'> (0x00000000ffe815e0) 
thrown [s\open\src\hotspot\share\interpreter\linkResolver.cpp, line 759]
Event: 0.953 Thread 0x00000298b2a90250 Exception <a 'java/lang/NoClassDefFoundError'{0x00000000ffd38ab0}: org/slf4j/impl/StaticMarkerBinder> (0x00000000ffd38ab0) 
thrown [s\open\src\hotspot\share\classfile\systemDictionary.cpp, line 245]
Event: 0.980 Thread 0x00000298b2a90250 Exception <a 'java/lang/NoSuchMethodError'{0x00000000ffc18388}: 'java.lang.Object java.lang.invoke.Invokers$Holder.invoker(java.lang.Object, java.lang.Object, java.lang.Object)'> (0x00000000ffc18388) 
thrown [s\open\src\hotspot\share\interpreter\linkResolver.cpp, line 759]
Event: 0.981 Thread 0x00000298b2a90250 Exception <a 'java/lang/NoSuchMethodError'{0x00000000ffc21560}: 'java.lang.Object java.lang.invoke.DirectMethodHandle$Holder.invokeStatic(java.lang.Object, java.lang.Object, int)'> (0x00000000ffc21560) 
thrown [s\open\src\hotspot\share\interpreter\linkResolver.cpp, line 759]
Event: 0.982 Thread 0x00000298b2a90250 Exception <a 'java/lang/NoSuchMethodError'{0x00000000ffc2d250}: 'void java.lang.invoke.DelegatingMethodHandle$Holder.delegate(java.lang.Object, java.lang.Object, int, java.lang.Object)'> (0x00000000ffc2d250) 
thrown [s\open\src\hotspot\share\interpreter\linkResolver.cpp, line 759]
Event: 0.983 Thread 0x00000298b2a90250 Exception <a 'java/lang/NoSuchMethodError'{0x00000000ffc31308}: 'int java.lang.invoke.DirectMethodHandle$Holder.invokeSpecial(java.lang.Object, java.lang.Object, java.lang.Object)'> (0x00000000ffc31308) 
thrown [s\open\src\hotspot\share\interpreter\linkResolver.cpp, line 759]
Event: 0.985 Thread 0x00000298b2a90250 Exception <a 'java/lang/NoSuchMethodError'{0x00000000ffc44418}: 'java.lang.Object java.lang.invoke.Invokers$Holder.invokeExact_MT(java.lang.Object, java.lang.Object, java.lang.Object, java.lang.Object)'> (0x00000000ffc44418) 
thrown [s\open\src\hotspot\share\interpreter\linkResolver.cpp, line 759]
Event: 0.992 Thread 0x00000298b2a90250 Exception <a 'java/lang/NoSuchMethodError'{0x00000000ffc7dd98}: 'java.lang.Object java.lang.invoke.DirectMethodHandle$Holder.invokeVirtual(java.lang.Object, java.lang.Object, java.lang.Object)'> (0x00000000ffc7dd98) 
thrown [s\open\src\hotspot\share\interpreter\linkResolver.cpp, line 759]
Event: 1.088 Thread 0x00000298b2a90250 Exception <a 'java/lang/NoSuchMethodError'{0x00000000ff8d3de8}: 'java.lang.Object java.lang.invoke.DirectMethodHandle$Holder.newInvokeSpecial(java.lang.Object, java.lang.Object, java.lang.Object, java.lang.Object, java.lang.Object)'> (0x00000000ff8d3de8) 
thrown [s\open\src\hotspot\share\interpreter\linkResolver.cpp, line 759]
Event: 1.138 Thread 0x00000298b2a90250 Exception <a 'java/lang/NoSuchMethodError'{0x00000000ff5a1258}: 'void java.lang.invoke.DirectMethodHandle$Holder.invokeSpecial(java.lang.Object, java.lang.Object, java.lang.Object)'> (0x00000000ff5a1258) 
thrown [s\open\src\hotspot\share\interpreter\linkResolver.cpp, line 759]
Event: 1.148 Thread 0x00000298b2a90250 Implicit null exception at 0x00000298c1e7128a to 0x00000298c1e7176c
Event: 1.148 Thread 0x00000298b2a90250 Implicit null exception at 0x00000298c1e59a0a to 0x00000298c1e59ef8
Event: 1.170 Thread 0x00000298b2a90250 Exception <a 'java/lang/NoSuchMethodError'{0x00000000ff3711d0}: 'java.lang.Object java.lang.invoke.DirectMethodHandle$Holder.invokeStaticInit(java.lang.Object)'> (0x00000000ff3711d0) 
thrown [s\open\src\hotspot\share\interpreter\linkResolver.cpp, line 759]
Event: 1.189 Thread 0x00000298b2a90250 Exception <a 'java/lang/NoSuchMethodError'{0x00000000ff213fd8}: 'int java.lang.invoke.DirectMethodHandle$Holder.invokeVirtual(java.lang.Object, java.lang.Object, java.lang.Object)'> (0x00000000ff213fd8) 
thrown [s\open\src\hotspot\share\interpreter\linkResolver.cpp, line 759]
Event: 1.239 Thread 0x00000298b2a90250 Exception <a 'java/lang/NoSuchMethodError'{0x00000000ff067538}: 'java.lang.Object java.lang.invoke.DirectMethodHandle$Holder.invokeSpecialIFC(java.lang.Object, java.lang.Object, java.lang.Object, java.lang.Object)'> (0x00000000ff067538) 
thrown [s\open\src\hotspot\share\interpreter\linkResolver.cpp, line 759]
Event: 1.286 Thread 0x00000298b2a90250 Exception <a 'java/lang/NoSuchMethodError'{0x00000000fed6d190}: 'java.lang.Object java.lang.invoke.DirectMethodHandle$Holder.invokeStaticInit(java.lang.Object, int, int, int, int)'> (0x00000000fed6d190) 
thrown [s\open\src\hotspot\share\interpreter\linkResolver.cpp, line 759]
Event: 1.322 Thread 0x00000298b2a90250 Exception <a 'java/lang/NoSuchMethodError'{0x00000000fedab878}: 'java.lang.Object java.lang.invoke.DirectMethodHandle$Holder.invokeStaticInit(java.lang.Object, java.lang.Object, int, int, int, int)'> (0x00000000fedab878) 
thrown [s\open\src\hotspot\share\interpreter\linkResolver.cpp, line 759]
Event: 1.411 Thread 0x00000298b2a90250 Exception <a 'java/lang/NoSuchMethodError'{0x00000000fedde4c0}: 'void java.lang.invoke.DirectMethodHandle$Holder.invokeStatic(java.lang.Object, java.lang.Object, java.lang.Object)'> (0x00000000fedde4c0) 
thrown [s\open\src\hotspot\share\interpreter\linkResolver.cpp, line 759]
Event: 1.433 Thread 0x00000298b2a90250 Implicit null exception at 0x00000298c1e51672 to 0x00000298c1e51cb0
Event: 1.435 Thread 0x00000298b2a90250 Implicit null exception at 0x00000298c1e522f2 to 0x00000298c1e52948

VM Operations (20 events):
Event: 72.356 Executing VM operation: Cleanup
Event: 72.356 Executing VM operation: Cleanup done
Event: 73.358 Executing VM operation: Cleanup
Event: 73.358 Executing VM operation: Cleanup done
Event: 74.370 Executing VM operation: Cleanup
Event: 74.370 Executing VM operation: Cleanup done
Event: 78.388 Executing VM operation: Cleanup
Event: 78.389 Executing VM operation: Cleanup done
Event: 79.402 Executing VM operation: Cleanup
Event: 79.403 Executing VM operation: Cleanup done
Event: 90.509 Executing VM operation: Cleanup
Event: 90.510 Executing VM operation: Cleanup done
Event: 99.599 Executing VM operation: Cleanup
Event: 99.599 Executing VM operation: Cleanup done
Event: 100.609 Executing VM operation: Cleanup
Event: 100.609 Executing VM operation: Cleanup done
Event: 108.679 Executing VM operation: Cleanup
Event: 108.679 Executing VM operation: Cleanup done
Event: 115.725 Executing VM operation: Cleanup
Event: 115.725 Executing VM operation: Cleanup done

Events (20 events):
Event: 22.924 loading class jdk/internal/logger/LazyLoggers$LazyLoggerFactories
Event: 22.924 loading class jdk/internal/logger/LazyLoggers$LazyLoggerFactories done
Event: 22.924 loading class jdk/internal/logger/LoggerFinderLoader
Event: 22.925 loading class jdk/internal/logger/LoggerFinderLoader done
Event: 22.925 loading class jdk/internal/logger/LoggerFinderLoader$TemporaryLoggerFinder
Event: 22.925 loading class jdk/internal/logger/LoggerFinderLoader$TemporaryLoggerFinder done
Event: 22.925 loading class sun/util/logging/internal/LoggingProviderImpl$JULWrapper
Event: 22.925 loading class sun/util/logging/PlatformLogger$ConfigurableBridge$LoggerConfiguration
Event: 22.926 loading class sun/util/logging/PlatformLogger$ConfigurableBridge$LoggerConfiguration done
Event: 22.926 loading class sun/util/logging/internal/LoggingProviderImpl$JULWrapper done
Event: 22.926 loading class java/io/ObjectInputFilter
Event: 22.926 loading class java/io/ObjectInputFilter done
Event: 22.927 loading class java/io/ObjectInputFilter$Config$BuiltinFilterFactory
Event: 22.927 loading class java/io/ObjectInputFilter$Config$BuiltinFilterFactory done
Event: 22.927 loading class jdk/internal/access/JavaObjectInputFilterAccess
Event: 22.927 loading class jdk/internal/access/JavaObjectInputFilterAccess done
Event: 22.927 loading class java/lang/System$Logger$Level
Event: 22.928 loading class java/lang/System$Logger$Level done
Event: 22.928 loading class java/io/Bits
Event: 22.928 loading class java/io/Bits done


Dynamic libraries:
0x00007ff758970000 - 0x00007ff758980000 	C:\Program Files\Java\jdk-17\bin\java.exe
0x00007ffa9c470000 - 0x00007ffa9c668000 	C:\Windows\SYSTEM32\ntdll.dll
0x00007ffa9ba30000 - 0x00007ffa9baf2000 	C:\Windows\System32\KERNEL32.DLL
0x00007ffa99f90000 - 0x00007ffa9a28f000 	C:\Windows\System32\KERNELBASE.dll
0x00007ffa96860000 - 0x00007ffa968f4000 	C:\Windows\SYSTEM32\apphelp.dll
0x00007ffa99b10000 - 0x00007ffa99c10000 	C:\Windows\System32\ucrtbase.dll
0x00007ffa751d0000 - 0x00007ffa751eb000 	C:\Program Files\Java\jdk-17\bin\VCRUNTIME140.dll
0x00007ffa6fe10000 - 0x00007ffa6fe29000 	C:\Program Files\Java\jdk-17\bin\jli.dll
0x00007ffa9abe0000 - 0x00007ffa9ac8f000 	C:\Windows\System32\ADVAPI32.dll
0x00007ffa9bb00000 - 0x00007ffa9bb9e000 	C:\Windows\System32\msvcrt.dll
0x00007ffa9bc80000 - 0x00007ffa9bd1f000 	C:\Windows\System32\sechost.dll
0x00007ffa9c080000 - 0x00007ffa9c1a3000 	C:\Windows\System32\RPCRT4.dll
0x00007ffa99f60000 - 0x00007ffa99f87000 	C:\Windows\System32\bcrypt.dll
0x00007ffa9bee0000 - 0x00007ffa9c07d000 	C:\Windows\System32\USER32.dll
0x00007ffa99f30000 - 0x00007ffa99f52000 	C:\Windows\System32\win32u.dll
0x00007ffa82350000 - 0x00007ffa825ea000 	C:\Windows\WinSxS\amd64_microsoft.windows.common-controls_6595b64144ccf1df_6.0.19041.4355_none_60b8b9eb71f62e16\COMCTL32.dll
0x00007ffa9bc50000 - 0x00007ffa9bc7b000 	C:\Windows\System32\GDI32.dll
0x00007ffa99c10000 - 0x00007ffa99d2a000 	C:\Windows\System32\gdi32full.dll
0x00007ffa99e90000 - 0x00007ffa99f2d000 	C:\Windows\System32\msvcp_win.dll
0x00007ffa90860000 - 0x00007ffa9086a000 	C:\Windows\SYSTEM32\VERSION.dll
0x00007ffa9beb0000 - 0x00007ffa9bedf000 	C:\Windows\System32\IMM32.DLL
0x00007ffa91760000 - 0x00007ffa9176c000 	C:\Program Files\Java\jdk-17\bin\vcruntime140_1.dll
0x00007ffa68440000 - 0x00007ffa684ce000 	C:\Program Files\Java\jdk-17\bin\msvcp140.dll
0x00007ffa117f0000 - 0x00007ffa123d0000 	C:\Program Files\Java\jdk-17\bin\server\jvm.dll
0x00007ffa9c290000 - 0x00007ffa9c298000 	C:\Windows\System32\PSAPI.DLL
0x00007ffa86580000 - 0x00007ffa86589000 	C:\Windows\SYSTEM32\WSOCK32.dll
0x00007ffa9b9a0000 - 0x00007ffa9ba0b000 	C:\Windows\System32\WS2_32.dll
0x00007ffa84db0000 - 0x00007ffa84dd7000 	C:\Windows\SYSTEM32\WINMM.dll
0x00007ffa982d0000 - 0x00007ffa982e2000 	C:\Windows\SYSTEM32\kernel.appcore.dll
0x00007ffa80c40000 - 0x00007ffa80c4a000 	C:\Program Files\Java\jdk-17\bin\jimage.dll
0x00007ffa976e0000 - 0x00007ffa978c4000 	C:\Windows\SYSTEM32\DBGHELP.DLL
0x00007ffa7c860000 - 0x00007ffa7c894000 	C:\Windows\SYSTEM32\dbgcore.DLL
0x00007ffa9a2e0000 - 0x00007ffa9a362000 	C:\Windows\System32\bcryptPrimitives.dll
0x00007ffa6d800000 - 0x00007ffa6d825000 	C:\Program Files\Java\jdk-17\bin\java.dll
0x00007ffa65180000 - 0x00007ffa65257000 	C:\Program Files\Java\jdk-17\bin\jsvml.dll
0x00007ffa9ac90000 - 0x00007ffa9b3fd000 	C:\Windows\System32\SHELL32.dll
0x00007ffa97b10000 - 0x00007ffa982b4000 	C:\Windows\SYSTEM32\windows.storage.dll
0x00007ffa9b570000 - 0x00007ffa9b8c5000 	C:\Windows\System32\combase.dll
0x00007ffa99540000 - 0x00007ffa9956f000 	C:\Windows\SYSTEM32\Wldp.dll
0x00007ffa9b8d0000 - 0x00007ffa9b99d000 	C:\Windows\System32\OLEAUT32.dll
0x00007ffa9c380000 - 0x00007ffa9c42d000 	C:\Windows\System32\SHCORE.dll
0x00007ffa9be50000 - 0x00007ffa9bea5000 	C:\Windows\System32\shlwapi.dll
0x00007ffa99a40000 - 0x00007ffa99a64000 	C:\Windows\SYSTEM32\profapi.dll
0x00007ffa6d720000 - 0x00007ffa6d739000 	C:\Program Files\Java\jdk-17\bin\net.dll
0x00007ffa93fa0000 - 0x00007ffa940aa000 	C:\Windows\SYSTEM32\WINHTTP.dll
0x00007ffa992a0000 - 0x00007ffa9930c000 	C:\Windows\system32\mswsock.dll
0x00007ffa692c0000 - 0x00007ffa692d6000 	C:\Program Files\Java\jdk-17\bin\nio.dll
0x00007ffa67450000 - 0x00007ffa67468000 	C:\Program Files\Java\jdk-17\bin\zip.dll
0x00007ffa766c0000 - 0x00007ffa766d0000 	C:\Program Files\Java\jdk-17\bin\verify.dll
0x00007ffa930e0000 - 0x00007ffa93107000 	C:\Users\91939\.gradle\native\c067742578af261105cb4f569cf0c3c89f3d7b1fecec35dd04571415982c5e48\windows-amd64\native-platform.dll
0x00007ffa93cb0000 - 0x00007ffa93cba000 	C:\Users\91939\.gradle\native\jansi\1.18\windows64\jansi.dll
0x00007ffa7da70000 - 0x00007ffa7da7a000 	C:\Program Files\Java\jdk-17\bin\management.dll
0x00007ffa7bf40000 - 0x00007ffa7bf4b000 	C:\Program Files\Java\jdk-17\bin\management_ext.dll
0x00007ffa994a0000 - 0x00007ffa994b8000 	C:\Windows\SYSTEM32\CRYPTSP.dll
0x00007ffa98b20000 - 0x00007ffa98b54000 	C:\Windows\system32\rsaenh.dll
0x00007ffa999c0000 - 0x00007ffa999ee000 	C:\Windows\SYSTEM32\USERENV.dll
0x00007ffa99490000 - 0x00007ffa9949c000 	C:\Windows\SYSTEM32\CRYPTBASE.dll
0x00007ffa98f30000 - 0x00007ffa98f6b000 	C:\Windows\SYSTEM32\IPHLPAPI.DLL
0x00007ffa9ba10000 - 0x00007ffa9ba18000 	C:\Windows\System32\NSI.dll
0x00007ffa90920000 - 0x00007ffa90937000 	C:\Windows\SYSTEM32\dhcpcsvc6.DLL
0x00007ffa90aa0000 - 0x00007ffa90abd000 	C:\Windows\SYSTEM32\dhcpcsvc.DLL
0x00007ffa98f70000 - 0x00007ffa9903a000 	C:\Windows\SYSTEM32\DNSAPI.dll
0x00007ffa775c0000 - 0x00007ffa775ce000 	C:\Program Files\Java\jdk-17\bin\sunmscapi.dll
0x00007ffa99d30000 - 0x00007ffa99e8c000 	C:\Windows\System32\CRYPT32.dll
0x00007ffa995b0000 - 0x00007ffa995d7000 	C:\Windows\SYSTEM32\ncrypt.dll
0x00007ffa99570000 - 0x00007ffa995ab000 	C:\Windows\SYSTEM32\NTASN1.dll
0x00007ffa05860000 - 0x00007ffa05867000 	C:\Windows\system32\wshunix.dll

dbghelp: loaded successfully - version: 4.0.5 - missing functions: none
symbol engine: initialized successfully - sym options: 0x614 - pdb path: .;C:\Program Files\Java\jdk-17\bin;C:\Windows\SYSTEM32;C:\Windows\WinSxS\amd64_microsoft.windows.common-controls_6595b64144ccf1df_6.0.19041.4355_none_60b8b9eb71f62e16;C:\Program Files\Java\jdk-17\bin\server;C:\Users\91939\.gradle\native\c067742578af261105cb4f569cf0c3c89f3d7b1fecec35dd04571415982c5e48\windows-amd64;C:\Users\91939\.gradle\native\jansi\1.18\windows64

VM Arguments:
jvm_args: -Xmx64m -Xms64m -Dorg.gradle.appname=gradlew 
java_command: org.gradle.wrapper.GradleWrapperMain app:installRelease -PreactNativeDevServerPort=8081
java_class_path (initial): C:\Users\91939\Desktop\ChronosBrief\android\\gradle\wrapper\gradle-wrapper.jar
Launcher Type: SUN_STANDARD

[Global flags]
     intx CICompilerCount                          = 3                                         {product} {ergonomic}
     uint ConcGCThreads                            = 1                                         {product} {ergonomic}
     uint G1ConcRefinementThreads                  = 4                                         {product} {ergonomic}
   size_t G1HeapRegionSize                         = 1048576                                   {product} {ergonomic}
    uintx GCDrainStackTargetSize                   = 64                                        {product} {ergonomic}
   size_t InitialHeapSize                          = 67108864                                  {product} {command line}
   size_t MarkStackSize                            = 4194304                                   {product} {ergonomic}
   size_t MaxHeapSize                              = 67108864                                  {product} {command line}
   size_t MaxNewSize                               = 39845888                                  {product} {ergonomic}
   size_t MinHeapDeltaBytes                        = 1048576                                   {product} {ergonomic}
   size_t MinHeapSize                              = 67108864                                  {product} {command line}
    uintx NonNMethodCodeHeapSize                   = 5832780                                {pd product} {ergonomic}
    uintx NonProfiledCodeHeapSize                  = 122912730                              {pd product} {ergonomic}
    uintx ProfiledCodeHeapSize                     = 122912730                              {pd product} {ergonomic}
    uintx ReservedCodeCacheSize                    = 251658240                              {pd product} {ergonomic}
     bool SegmentedCodeCache                       = true                                      {product} {ergonomic}
   size_t SoftMaxHeapSize                          = 67108864                               {manageable} {ergonomic}
     bool UseCompressedClassPointers               = true                           {product lp64_product} {ergonomic}
     bool UseCompressedOops                        = true                           {product lp64_product} {ergonomic}
     bool UseG1GC                                  = true                                      {product} {ergonomic}
     bool UseLargePagesIndividualAllocation        = false                                  {pd product} {ergonomic}

Logging:
Log output configuration:
 #0: stdout all=warning uptime,level,tags
 #1: stderr all=off uptime,level,tags

Environment Variables:
JAVA_HOME=C:\Program Files\Java\jdk-17
CLASSPATH=C:\Users\91939\Desktop\ChronosBrief\android\\gradle\wrapper\gradle-wrapper.jar
PATH=C:\Users\91939\Desktop\ChronosBrief\node_modules\.bin;C:\Users\91939\Desktop\ChronosBrief\node_modules\.bin;C:\Users\91939\Desktop\node_modules\.bin;C:\Users\91939\node_modules\.bin;C:\Users\node_modules\.bin;C:\node_modules\.bin;C:\Users\91939\AppData\Roaming\npm\node_modules\npm\node_modules\@npmcli\run-script\lib\node-gyp-bin;C:\Users\91939\bin;C:\Program Files\Git\mingw64\bin;C:\Program Files\Git\usr\local\bin;C:\Program Files\Git\usr\bin;C:\Program Files\Git\usr\bin;C:\Program Files\Git\mingw64\bin;C:\Program Files\Git\usr\bin;C:\Users\91939\bin;C:\Program Files\Java\jdk-17\bin;C:\Program Files\Java\jdk-17\bin\java.exe;C:\C;C:\Program Files\Git\Program Files (x86)\Common Files\Intel\Shared Libraries\redist\intel64\compiler;C:\Windows\system32;C:\Windows;C:\Windows\System32\Wbem;C:\Windows\System32\WindowsPowerShell\v1.0;C:\Windows\System32\OpenSSH;C:\MinGW\bin;C:\Program Files\Git\cmd;C:\Program Files\Docker\Docker\resources\bin;C:\ProgramData\DockerDesktop\version-bin;C:\Users\91939\AppData\Local\Android\Sdk\platform-tools;C:\ProgramData\chocolatey\bin;C:\Program Files\nodejs;C:\Users\91939\AppData\Local\Android\Sdk;C:\Users\91939\flutter\bin;

;C:\Program Files\Java\jdk-17\bi;.;%PNPM_HOME%;C:\Users\91939\AppData\Local\Programs\Python\Python310\Scripts;C:\Users\91939\AppData\Local\Programs\Python\Python310;C:\Users\91939\AppData\Local\Microsoft\WindowsApps;C:\Program Files\JetBrains\IntelliJ IDEA Community Edition 2021.2.3\bin;C:\Users\91939\AppData\Local\GitHubDesktop\bin;C:\Users\91939\Dropbox\My PC (LAPTOP-JH16H4DN)\Downloads\Setup\apache-maven-3.8.6\bin;C:\flutter\bin;C:\Users\91939\AppData\Local\Programs\Microsoft VS Code\bin;C:\Users\91939\AppData\Roaming\npm;C:\Users\91939\AppData\Local\Android\Sdk;C:\Users\91939\AppData\Local\Android\Sdk\platform-tools;C:\Users\91939\AppData\Local\Android\Sdk\emulator;C:\Users\91939\AppData\Local\Android\Sdk\tools;C:\Users\91939\AppData\Local\Android\Sdk\tools\bin;C:\Program Files (x86)\MongoDB\Server\6.0\bin;C:\Prog
USERNAME=91939
SHELL=C:\Program Files\Git\usr\bin\bash.exe
DISPLAY=needs-to-be-defined
LANG=en_US.UTF-8
OS=Windows_NT
PROCESSOR_IDENTIFIER=Intel64 Family 6 Model 140 Stepping 1, GenuineIntel



---------------  S Y S T E M  ---------------

OS:
 Windows 10 , 64 bit Build 19041 (10.0.19041.5438)
OS uptime: 3 days 7:33 hours
Hyper-V role detected

CPU: total 4 (initial active 4) (2 cores per cpu, 2 threads per core) family 6 model 140 stepping 1 microcode 0x86, cx8, cmov, fxsr, ht, mmx, 3dnowpref, sse, sse2, sse3, ssse3, sse4.1, sse4.2, popcnt, lzcnt, tsc, tscinvbit, avx, avx2, aes, erms, clmul, bmi1, bmi2, adx, avx512f, avx512dq, avx512cd, avx512bw, avx512vl, sha, fma, vzeroupper, avx512_vpopcntdq, avx512_vpclmulqdq, avx512_vaes, avx512_vnni, clflush, clflushopt, clwb, avx512_vbmi2, avx512_vbmi, hv

Memory: 4k page, system-wide physical 7886M (627M free)
TotalPageFile size 16078M (AvailPageFile size 388M)
current process WorkingSet (physical memory assigned to process): 27M, peak: 100M
current process commit charge ("private bytes"): 157M, peak: 164M

vm_info: Java HotSpot(TM) 64-Bit Server VM (17.0.12+8-LTS-286) for windows-amd64 JRE (17.0.12+8-LTS-286), built on Jun  5 2024 06:46:59 by "mach5one" with MS VC++ 17.6 (VS2022)

END.
